<?xml version="1.0" encoding="UTF-8"?>
<testng-results ignored="0" total="2" passed="2" failed="0" skipped="0">
  <reporter-output>
  </reporter-output>
  <suite started-at="2024-10-14T22:39:28 IST" name="Default suite" finished-at="2024-10-14T22:39:32 IST" duration-ms="3402">
    <groups>
    </groups>
    <test started-at="2024-10-14T22:39:28 IST" name="Default test" finished-at="2024-10-14T22:39:32 IST" duration-ms="3402">
      <class name="Topics.HTTPRequests">
        <test-method signature="createUser()[pri:0, instance:Topics.HTTPRequests@477b4cdf]" started-at="2024-10-14T22:39:28 IST" name="createUser" finished-at="2024-10-14T22:39:31 IST" duration-ms="2583" status="PASS">
          <reporter-output>
          </reporter-output>
        </test-method> <!-- createUser -->
        <test-method signature="getUsers()[pri:1, instance:Topics.HTTPRequests@477b4cdf]" started-at="2024-10-14T22:39:31 IST" name="getUsers" finished-at="2024-10-14T22:39:32 IST" duration-ms="772" status="PASS">
          <reporter-output>
          </reporter-output>
        </test-method> <!-- getUsers -->
      </class> <!-- Topics.HTTPRequests -->
    </test> <!-- Default test -->
  </suite> <!-- Default suite -->
</testng-results>
